<?xml version="1.0" encoding="UTF-8"?>
<testng-results ignored="0" total="1" passed="0" failed="1" skipped="0">
  <reporter-output>
  </reporter-output>
  <suite started-at="2026-04-09T11:03:02 IST" name="Default suite" finished-at="2026-04-09T11:07:34 IST" duration-ms="272928">
    <groups>
    </groups>
    <test started-at="2026-04-09T11:03:02 IST" name="Default test" finished-at="2026-04-09T11:07:34 IST" duration-ms="272928">
      <class name="com.orangehrm.automationtestcase.AddEmployeeTest">
        <test-method is-config="true" signature="launchBrowser()[pri:0, instance:com.orangehrm.automationtestcase.AddEmployeeTest@3fc2959f]" started-at="2026-04-09T11:03:02 IST" name="launchBrowser" finished-at="2026-04-09T11:03:07 IST" duration-ms="4967" status="PASS">
          <reporter-output>
          </reporter-output>
        </test-method> <!-- launchBrowser -->
        <test-method is-config="true" signature="loginToApplication()[pri:0, instance:com.orangehrm.automationtestcase.AddEmployeeTest@3fc2959f]" started-at="2026-04-09T11:03:07 IST" name="loginToApplication" finished-at="2026-04-09T11:03:12 IST" duration-ms="5135" status="PASS">
          <reporter-output>
          </reporter-output>
        </test-method> <!-- loginToApplication -->
        <test-method signature="addEmployeeTest()[pri:0, instance:com.orangehrm.automationtestcase.AddEmployeeTest@3fc2959f]" started-at="2026-04-09T11:03:12 IST" name="addEmployeeTest" finished-at="2026-04-09T11:05:48 IST" duration-ms="156542" status="FAIL">
          <exception class="java.lang.AssertionError">
            <message>
              <![CDATA[expected [Shiv] but found [PIM]]]>
            </message>
            <full-stacktrace>
              <![CDATA[java.lang.AssertionError: expected [Shiv] but found [PIM]
at org.testng.Assert.fail(Assert.java:111)
at org.testng.Assert.failNotEquals(Assert.java:1590)
at org.testng.Assert.assertEqualsImpl(Assert.java:150)
at org.testng.Assert.assertEquals(Assert.java:132)
at org.testng.Assert.assertEquals(Assert.java:656)
at org.testng.Assert.assertEquals(Assert.java:666)
at com.orangehrm.automationtestcase.AddEmployeeTest.addEmployeeTest(AddEmployeeTest.java:46)
at java.base/jdk.internal.reflect.DirectMethodHandleAccessor.invoke(DirectMethodHandleAccessor.java:104)
at java.base/java.lang.reflect.Method.invoke(Method.java:577)
at org.testng.internal.invokers.MethodInvocationHelper.invokeMethod(MethodInvocationHelper.java:141)
at org.testng.internal.invokers.TestInvoker.invokeMethod(TestInvoker.java:697)
at org.testng.internal.invokers.TestInvoker.invokeTestMethod(TestInvoker.java:230)
at org.testng.internal.invokers.MethodRunner.runInSequence(MethodRunner.java:63)
at org.testng.internal.invokers.TestInvoker$MethodInvocationAgent.invoke(TestInvoker.java:1005)
at org.testng.internal.invokers.TestInvoker.invokeTestMethods(TestInvoker.java:203)
at org.testng.internal.invokers.TestMethodWorker.invokeTestMethods(TestMethodWorker.java:154)
at org.testng.internal.invokers.TestMethodWorker.run(TestMethodWorker.java:134)
at java.base/java.util.ArrayList.forEach(ArrayList.java:1511)
at org.testng.TestRunner.privateRun(TestRunner.java:744)
at org.testng.TestRunner.run(TestRunner.java:616)
at org.testng.SuiteRunner.runTest(SuiteRunner.java:421)
at org.testng.SuiteRunner.runSequentially(SuiteRunner.java:413)
at org.testng.SuiteRunner.privateRun(SuiteRunner.java:373)
at org.testng.SuiteRunner.run(SuiteRunner.java:312)
at org.testng.SuiteRunnerWorker.runSuite(SuiteRunnerWorker.java:52)
at org.testng.SuiteRunnerWorker.run(SuiteRunnerWorker.java:95)
at org.testng.TestNG.runSuitesSequentially(TestNG.java:1274)
at org.testng.TestNG.runSuitesLocally(TestNG.java:1208)
at org.testng.TestNG.runSuites(TestNG.java:1112)
at org.testng.TestNG.run(TestNG.java:1079)
at org.testng.remote.AbstractRemoteTestNG.run(AbstractRemoteTestNG.java:115)
at org.testng.remote.RemoteTestNG.initAndRun(RemoteTestNG.java:293)
at org.testng.remote.RemoteTestNG.main(RemoteTestNG.java:91)
]]>
            </full-stacktrace>
          </exception> <!-- java.lang.AssertionError -->
          <reporter-output>
          </reporter-output>
        </test-method> <!-- addEmployeeTest -->
        <test-method is-config="true" signature="logoutFromApplication()[pri:0, instance:com.orangehrm.automationtestcase.AddEmployeeTest@3fc2959f]" started-at="2026-04-09T11:05:51 IST" name="logoutFromApplication" finished-at="2026-04-09T11:05:53 IST" duration-ms="1864" status="PASS">
          <reporter-output>
          </reporter-output>
        </test-method> <!-- logoutFromApplication -->
        <test-method is-config="true" signature="closeBrowser()[pri:0, instance:com.orangehrm.automationtestcase.AddEmployeeTest@3fc2959f]" started-at="2026-04-09T11:07:34 IST" name="closeBrowser" finished-at="2026-04-09T11:07:34 IST" duration-ms="701" status="PASS">
          <reporter-output>
          </reporter-output>
        </test-method> <!-- closeBrowser -->
      </class> <!-- com.orangehrm.automationtestcase.AddEmployeeTest -->
    </test> <!-- Default test -->
  </suite> <!-- Default suite -->
</testng-results>
