<?xml version="1.0" encoding="UTF-8"?>
<!-- Generated by org.testng.reporters.JUnitReportReporter -->
<testsuite hostname="Jspiders-JNTU" failures="0" tests="1" name="com.orangehrm.tests.login.VerifyDashBoardElementTest" time="16.299" errors="0" timestamp="2026-04-01T22:50:49 IST" skipped="0">
  <testcase classname="com.orangehrm.tests.login.VerifyDashBoardElementTest" name="verifyAdminElementVisibleTest" time="16.299"/>
</testsuite> <!-- com.orangehrm.tests.login.VerifyDashBoardElementTest -->
